
---------------------------------- Compilers -----------------------------------
   aocc/3.1.0 (D)    gcc/11.2.0     (D)    nvhpc_sdk/2021.213
   aocc/3.2.0        gcc/13.2.0            nvhpc_sdk/2022.229
   gcc/10.3.0        intel/2022.1.2 (m)    nvhpc_sdk/2023.233 (D)

--------------------------- Independent Applications ---------------------------
   R/3.6.3                        mambaforge/23.1.0-1
   R/4.2.2                        mathematica/9.0
   R/4.4.0               (D)      mathematica/11.1.0   (D)
   allinea/6.0.4         (m)      matlab/R2018b
   anaconda/2020.11               matlab/R2019b
   anaconda/2022.10               matlab/R2020b
   anaconda/2023.09      (D)      matlab/R2021b        (D)
   antlr/4.13.1                   matlab/R2022b
   arm-forge/19.1.3      (m)      matlab/R2023b
   autotools/2.69                 maven/3.8.1
   autotools/2.71        (D)      ncl/6.3.0
   chimerax/1.2.5                 nco/4.8.1
   clustershell/1.9.2             papi/5.4.3
   cmake/3.5.2                    papi/5.5.1           (D)
   cmake/3.9.2                    paraview/5.0.1
   cmake/3.14.1                   paraview/5.6.0
   cmake/3.20.2                   paraview/5.9.0
   cmake/3.25.0                   paraview/5.10.0      (D)
   cmake/3.27.7          (D)      pdtoolkit/3.22
   cube/3.4.3                     pdtoolkit/3.25.1     (D)
   cube/4.3.4            (D)      perl/5.16.3
   cuda/11.2             (g)      perl/5.24.0          (D)
   cuda/11.3             (g)      perl/5.28.1
   cuda/11.4             (g)      perl/5.36.0
   cuda/11.8             (g)      pigz/2.7
   cuda/12.1.1           (g,D)    python/2.7.18
   cudnn/8.1             (g)      python/3.10.2        (D)
   cudnn/8.2             (g)      qt/5.6.0
   cudnn/8.6             (g,D)    qt/5.9.1
   curc-quota/latest              qt/5.15              (D)
   dmtcp/2.6.0                    rclone/1.58.0
   eigen/3.4.0                    rhel7for8/1.0
   emacs/25.3                     rocm/5.2.3           (g)
   emacs/27.2            (D)      rocm/5.3.0           (g)
   expat/2.1.1                    rocm/5.5.0           (g)
   expat/2.3.0           (D)      rocm/5.6.0           (g,D)
   ffmpeg/4.4                     ruby/2.3.1
   gdb/8.1                        ruby/3.0.0           (D)
   gdb/10.1              (D)      singularity/3.6.4    (D)
   ghostscript/9.56.0             singularity/3.7.4
   git-lfs/3.1.2                  slurmtools/0.0.1
   git/2.31.0                     spack/0.20.1
   gmsh/2.16.0                    subversion/1.8.16
   gmsh/4.11.1           (D)      subversion/1.10.2
   gnu_parallel/20160622          subversion/1.14.1    (D)
   gnu_parallel/20210322 (D)      tcltk/8.6.5
   gnuplot/5.4.3                  tcltk/8.6.11         (D)
   idl/8.7                        tdom/0.8.3
   imagemagick/6.9.12             tdom/0.9.2           (D)
   jdk/1.7.0                      texlive/2021
   jdk/1.8.0_91                   totalview/2016.06.21
   jdk/1.8.0_281                  ucx/1.10.1
   jdk/1.8.0                      ucx/1.12.1           (D)
   jdk/18.0.1.1          (D)      udunits/2.2.20
   julia/0.6.2                    udunits/2.2.24
   julia/1.6.0                    udunits/2.2.25
   julia/1.6.6                    udunits/2.2.28       (D)
   julia/1.8.1                    valgrind/3.11.0
   julia/1.9.4                    valgrind/3.17.0      (D)
   julia/1.10.0                   vapor/3.9.1
   julia/1.10.2          (D)      vtf3/1.43
   lftp/4.8.4                     zip/rhel7
   loadbalance/0.2

-------------------------------- Bioinformatics --------------------------------
   alphafold/2.2.0         cutadapt/4.2            plink2/2.00a2.3
   alphafold/2.3.1  (D)    fastqc/0.11.9           qiime2/2023.5
   bamtools/2.5.2          gatk/4.3.0.0            qiime2/2024.2_amplicon (D)
   bbtools/39.01           homer/4.11              samtools/1.16.1
   bcftools/1.16           htslib/1.16             sra-toolkit/3.0.0
   bedtools/2.29.1         multiqc/1.14            star/2.7.10b
   bowtie2/2.5.0           nextflow/22.10.6        trimmomatic/0.39
   bwa/0.7.17              nextflow/23.04   (D)
   cellranger/7.1.0        picard/2.27.5

---------------------------- Lmod Internal Modules -----------------------------
   StdEnv    lmod    settarg

--------------------------------- CU Licensed ----------------------------------
   CST/2021                 ansys/AnsysEM22.2              (D)
   abaqus/V6R2019x          ansys/AnsysEM23.1
   altairfeko/2019.2        coreform/Coreform-Cubit-2021.5
   altairfeko/2023.1 (D)    gaussian/g16_c.02
   ams/2023.101             gridpro/8.2
   ansys/AnsysEM21.2        trelis/16.3.6

  Where:
   D:  Default Module
   g:  built for GPU
   m:  built for host and native MIC

If the avail list is too long consider trying:

"module --default avail" or "ml -d av" to just list the default modules.
"module overview" or "ml ov" to display the number of modules for each name.

Use "module spider" to find all possible modules and extensions.
Use "module keyword key1 key2 ..." to search for all possible modules matching
any of the "keys".


Warning: Cannot perform Hydrogen sampling with GPU-Omega: GPU-Omega disabled.
Traceback (most recent call last):
  File "/projects/bamo6610/software/anaconda/env/evaluator-blanca/lib/python3.10/multiprocessing/process.py", line 314, in _bootstrap
    self.run()
  File "/projects/bamo6610/software/anaconda/env/evaluator-blanca/lib/python3.10/multiprocessing/process.py", line 108, in run
    self._target(*self._args, **self._kwargs)
  File "/projects/bamo6610/software/anaconda/env/evaluator-blanca/lib/python3.10/multiprocessing/managers.py", line 599, in _run_server
    server.serve_forever()
  File "/projects/bamo6610/software/anaconda/env/evaluator-blanca/lib/python3.10/multiprocessing/managers.py", line 184, in serve_forever
    sys.exit(0)
SystemExit: 0

During handling of the above exception, another exception occurred:

Traceback (most recent call last):
  File "/projects/bamo6610/software/anaconda/env/evaluator-blanca/lib/python3.10/multiprocessing/util.py", line 300, in _run_finalizers
    finalizer()
  File "/projects/bamo6610/software/anaconda/env/evaluator-blanca/lib/python3.10/multiprocessing/util.py", line 224, in __call__
    res = self._callback(*self._args, **self._kwargs)
  File "/projects/bamo6610/software/anaconda/env/evaluator-blanca/lib/python3.10/multiprocessing/util.py", line 133, in _remove_temp_dir
    rmtree(tempdir)
  File "/projects/bamo6610/software/anaconda/env/evaluator-blanca/lib/python3.10/shutil.py", line 725, in rmtree
    _rmtree_safe_fd(fd, path, onerror)
  File "/projects/bamo6610/software/anaconda/env/evaluator-blanca/lib/python3.10/shutil.py", line 681, in _rmtree_safe_fd
    onerror(os.unlink, fullname, sys.exc_info())
  File "/projects/bamo6610/software/anaconda/env/evaluator-blanca/lib/python3.10/shutil.py", line 679, in _rmtree_safe_fd
    os.unlink(entry.name, dir_fd=topfd)
OSError: [Errno 16] Device or resource busy: '.nfs000000008467e4bb0000175d'
Warning: Cannot perform Hydrogen sampling with GPU-Omega: GPU-Omega disabled.
Traceback (most recent call last):
  File "/projects/bamo6610/software/anaconda/env/evaluator-blanca/lib/python3.10/multiprocessing/process.py", line 314, in _bootstrap
    self.run()
  File "/projects/bamo6610/software/anaconda/env/evaluator-blanca/lib/python3.10/multiprocessing/process.py", line 108, in run
    self._target(*self._args, **self._kwargs)
  File "/projects/bamo6610/software/anaconda/env/evaluator-blanca/lib/python3.10/multiprocessing/managers.py", line 599, in _run_server
    server.serve_forever()
  File "/projects/bamo6610/software/anaconda/env/evaluator-blanca/lib/python3.10/multiprocessing/managers.py", line 184, in serve_forever
    sys.exit(0)
SystemExit: 0

During handling of the above exception, another exception occurred:

Traceback (most recent call last):
  File "/projects/bamo6610/software/anaconda/env/evaluator-blanca/lib/python3.10/multiprocessing/util.py", line 300, in _run_finalizers
    finalizer()
  File "/projects/bamo6610/software/anaconda/env/evaluator-blanca/lib/python3.10/multiprocessing/util.py", line 224, in __call__
    res = self._callback(*self._args, **self._kwargs)
  File "/projects/bamo6610/software/anaconda/env/evaluator-blanca/lib/python3.10/multiprocessing/util.py", line 133, in _remove_temp_dir
    rmtree(tempdir)
  File "/projects/bamo6610/software/anaconda/env/evaluator-blanca/lib/python3.10/shutil.py", line 725, in rmtree
    _rmtree_safe_fd(fd, path, onerror)
  File "/projects/bamo6610/software/anaconda/env/evaluator-blanca/lib/python3.10/shutil.py", line 681, in _rmtree_safe_fd
    onerror(os.unlink, fullname, sys.exc_info())
  File "/projects/bamo6610/software/anaconda/env/evaluator-blanca/lib/python3.10/shutil.py", line 679, in _rmtree_safe_fd
    os.unlink(entry.name, dir_fd=topfd)
OSError: [Errno 16] Device or resource busy: '.nfs000000008467e4d20000175e'
Warning: Cannot perform Hydrogen sampling with GPU-Omega: GPU-Omega disabled.
Traceback (most recent call last):
  File "/projects/bamo6610/software/anaconda/env/evaluator-blanca/lib/python3.10/multiprocessing/process.py", line 314, in _bootstrap
    self.run()
  File "/projects/bamo6610/software/anaconda/env/evaluator-blanca/lib/python3.10/multiprocessing/process.py", line 108, in run
    self._target(*self._args, **self._kwargs)
  File "/projects/bamo6610/software/anaconda/env/evaluator-blanca/lib/python3.10/multiprocessing/managers.py", line 599, in _run_server
    server.serve_forever()
  File "/projects/bamo6610/software/anaconda/env/evaluator-blanca/lib/python3.10/multiprocessing/managers.py", line 184, in serve_forever
    sys.exit(0)
SystemExit: 0

During handling of the above exception, another exception occurred:

Traceback (most recent call last):
  File "/projects/bamo6610/software/anaconda/env/evaluator-blanca/lib/python3.10/multiprocessing/util.py", line 300, in _run_finalizers
    finalizer()
  File "/projects/bamo6610/software/anaconda/env/evaluator-blanca/lib/python3.10/multiprocessing/util.py", line 224, in __call__
    res = self._callback(*self._args, **self._kwargs)
  File "/projects/bamo6610/software/anaconda/env/evaluator-blanca/lib/python3.10/multiprocessing/util.py", line 133, in _remove_temp_dir
    rmtree(tempdir)
  File "/projects/bamo6610/software/anaconda/env/evaluator-blanca/lib/python3.10/shutil.py", line 725, in rmtree
    _rmtree_safe_fd(fd, path, onerror)
  File "/projects/bamo6610/software/anaconda/env/evaluator-blanca/lib/python3.10/shutil.py", line 681, in _rmtree_safe_fd
    onerror(os.unlink, fullname, sys.exc_info())
  File "/projects/bamo6610/software/anaconda/env/evaluator-blanca/lib/python3.10/shutil.py", line 679, in _rmtree_safe_fd
    os.unlink(entry.name, dir_fd=topfd)
OSError: [Errno 16] Device or resource busy: '.nfs000000008467e4f10000175f'
Warning: Cannot perform Hydrogen sampling with GPU-Omega: GPU-Omega disabled.
Traceback (most recent call last):
  File "/projects/bamo6610/software/anaconda/env/evaluator-blanca/lib/python3.10/multiprocessing/process.py", line 314, in _bootstrap
    self.run()
  File "/projects/bamo6610/software/anaconda/env/evaluator-blanca/lib/python3.10/multiprocessing/process.py", line 108, in run
    self._target(*self._args, **self._kwargs)
  File "/projects/bamo6610/software/anaconda/env/evaluator-blanca/lib/python3.10/multiprocessing/managers.py", line 599, in _run_server
    server.serve_forever()
  File "/projects/bamo6610/software/anaconda/env/evaluator-blanca/lib/python3.10/multiprocessing/managers.py", line 184, in serve_forever
    sys.exit(0)
SystemExit: 0

During handling of the above exception, another exception occurred:

Traceback (most recent call last):
  File "/projects/bamo6610/software/anaconda/env/evaluator-blanca/lib/python3.10/multiprocessing/util.py", line 300, in _run_finalizers
    finalizer()
  File "/projects/bamo6610/software/anaconda/env/evaluator-blanca/lib/python3.10/multiprocessing/util.py", line 224, in __call__
    res = self._callback(*self._args, **self._kwargs)
  File "/projects/bamo6610/software/anaconda/env/evaluator-blanca/lib/python3.10/multiprocessing/util.py", line 133, in _remove_temp_dir
    rmtree(tempdir)
  File "/projects/bamo6610/software/anaconda/env/evaluator-blanca/lib/python3.10/shutil.py", line 725, in rmtree
    _rmtree_safe_fd(fd, path, onerror)
  File "/projects/bamo6610/software/anaconda/env/evaluator-blanca/lib/python3.10/shutil.py", line 681, in _rmtree_safe_fd
    onerror(os.unlink, fullname, sys.exc_info())
  File "/projects/bamo6610/software/anaconda/env/evaluator-blanca/lib/python3.10/shutil.py", line 679, in _rmtree_safe_fd
    os.unlink(entry.name, dir_fd=topfd)
OSError: [Errno 16] Device or resource busy: '.nfs000000008477ed0300001760'
Traceback (most recent call last):
  File "/projects/bamo6610/software/anaconda/env/evaluator-blanca/lib/python3.10/multiprocessing/process.py", line 314, in _bootstrap
    self.run()
  File "/projects/bamo6610/software/anaconda/env/evaluator-blanca/lib/python3.10/multiprocessing/process.py", line 108, in run
    self._target(*self._args, **self._kwargs)
  File "/projects/bamo6610/software/anaconda/env/evaluator-blanca/lib/python3.10/multiprocessing/managers.py", line 599, in _run_server
    server.serve_forever()
  File "/projects/bamo6610/software/anaconda/env/evaluator-blanca/lib/python3.10/multiprocessing/managers.py", line 184, in serve_forever
    sys.exit(0)
SystemExit: 0

During handling of the above exception, another exception occurred:

Traceback (most recent call last):
  File "/projects/bamo6610/software/anaconda/env/evaluator-blanca/lib/python3.10/multiprocessing/util.py", line 300, in _run_finalizers
    finalizer()
  File "/projects/bamo6610/software/anaconda/env/evaluator-blanca/lib/python3.10/multiprocessing/util.py", line 224, in __call__
    res = self._callback(*self._args, **self._kwargs)
  File "/projects/bamo6610/software/anaconda/env/evaluator-blanca/lib/python3.10/multiprocessing/util.py", line 133, in _remove_temp_dir
    rmtree(tempdir)
  File "/projects/bamo6610/software/anaconda/env/evaluator-blanca/lib/python3.10/shutil.py", line 725, in rmtree
    _rmtree_safe_fd(fd, path, onerror)
  File "/projects/bamo6610/software/anaconda/env/evaluator-blanca/lib/python3.10/shutil.py", line 681, in _rmtree_safe_fd
    onerror(os.unlink, fullname, sys.exc_info())
  File "/projects/bamo6610/software/anaconda/env/evaluator-blanca/lib/python3.10/shutil.py", line 679, in _rmtree_safe_fd
    os.unlink(entry.name, dir_fd=topfd)
OSError: [Errno 16] Device or resource busy: '.nfs000000008477ed2500001761'
Traceback (most recent call last):
  File "/projects/bamo6610/software/anaconda/env/evaluator-blanca/lib/python3.10/multiprocessing/process.py", line 314, in _bootstrap
    self.run()
  File "/projects/bamo6610/software/anaconda/env/evaluator-blanca/lib/python3.10/multiprocessing/process.py", line 108, in run
    self._target(*self._args, **self._kwargs)
  File "/projects/bamo6610/software/anaconda/env/evaluator-blanca/lib/python3.10/multiprocessing/managers.py", line 599, in _run_server
    server.serve_forever()
  File "/projects/bamo6610/software/anaconda/env/evaluator-blanca/lib/python3.10/multiprocessing/managers.py", line 184, in serve_forever
    sys.exit(0)
SystemExit: 0

During handling of the above exception, another exception occurred:

Traceback (most recent call last):
  File "/projects/bamo6610/software/anaconda/env/evaluator-blanca/lib/python3.10/multiprocessing/util.py", line 300, in _run_finalizers
    finalizer()
  File "/projects/bamo6610/software/anaconda/env/evaluator-blanca/lib/python3.10/multiprocessing/util.py", line 224, in __call__
    res = self._callback(*self._args, **self._kwargs)
  File "/projects/bamo6610/software/anaconda/env/evaluator-blanca/lib/python3.10/multiprocessing/util.py", line 133, in _remove_temp_dir
    rmtree(tempdir)
  File "/projects/bamo6610/software/anaconda/env/evaluator-blanca/lib/python3.10/shutil.py", line 725, in rmtree
    _rmtree_safe_fd(fd, path, onerror)
  File "/projects/bamo6610/software/anaconda/env/evaluator-blanca/lib/python3.10/shutil.py", line 681, in _rmtree_safe_fd
    onerror(os.unlink, fullname, sys.exc_info())
  File "/projects/bamo6610/software/anaconda/env/evaluator-blanca/lib/python3.10/shutil.py", line 679, in _rmtree_safe_fd
    os.unlink(entry.name, dir_fd=topfd)
OSError: [Errno 16] Device or resource busy: '.nfs000000008477ed3800001762'
Traceback (most recent call last):
  File "/projects/bamo6610/software/anaconda/env/evaluator-blanca/lib/python3.10/multiprocessing/process.py", line 314, in _bootstrap
    self.run()
  File "/projects/bamo6610/software/anaconda/env/evaluator-blanca/lib/python3.10/multiprocessing/process.py", line 108, in run
    self._target(*self._args, **self._kwargs)
  File "/projects/bamo6610/software/anaconda/env/evaluator-blanca/lib/python3.10/multiprocessing/managers.py", line 599, in _run_server
    server.serve_forever()
  File "/projects/bamo6610/software/anaconda/env/evaluator-blanca/lib/python3.10/multiprocessing/managers.py", line 184, in serve_forever
    sys.exit(0)
SystemExit: 0

During handling of the above exception, another exception occurred:

Traceback (most recent call last):
  File "/projects/bamo6610/software/anaconda/env/evaluator-blanca/lib/python3.10/multiprocessing/util.py", line 300, in _run_finalizers
    finalizer()
  File "/projects/bamo6610/software/anaconda/env/evaluator-blanca/lib/python3.10/multiprocessing/util.py", line 224, in __call__
    res = self._callback(*self._args, **self._kwargs)
  File "/projects/bamo6610/software/anaconda/env/evaluator-blanca/lib/python3.10/multiprocessing/util.py", line 133, in _remove_temp_dir
    rmtree(tempdir)
  File "/projects/bamo6610/software/anaconda/env/evaluator-blanca/lib/python3.10/shutil.py", line 725, in rmtree
    _rmtree_safe_fd(fd, path, onerror)
  File "/projects/bamo6610/software/anaconda/env/evaluator-blanca/lib/python3.10/shutil.py", line 681, in _rmtree_safe_fd
    onerror(os.unlink, fullname, sys.exc_info())
  File "/projects/bamo6610/software/anaconda/env/evaluator-blanca/lib/python3.10/shutil.py", line 679, in _rmtree_safe_fd
    os.unlink(entry.name, dir_fd=topfd)
OSError: [Errno 16] Device or resource busy: '.nfs000000008477ed4300001763'
Traceback (most recent call last):
  File "/projects/bamo6610/software/anaconda/env/evaluator-blanca/lib/python3.10/multiprocessing/process.py", line 314, in _bootstrap
    self.run()
  File "/projects/bamo6610/software/anaconda/env/evaluator-blanca/lib/python3.10/multiprocessing/process.py", line 108, in run
    self._target(*self._args, **self._kwargs)
  File "/projects/bamo6610/software/anaconda/env/evaluator-blanca/lib/python3.10/multiprocessing/managers.py", line 599, in _run_server
    server.serve_forever()
  File "/projects/bamo6610/software/anaconda/env/evaluator-blanca/lib/python3.10/multiprocessing/managers.py", line 184, in serve_forever
    sys.exit(0)
SystemExit: 0

During handling of the above exception, another exception occurred:

Traceback (most recent call last):
  File "/projects/bamo6610/software/anaconda/env/evaluator-blanca/lib/python3.10/multiprocessing/util.py", line 300, in _run_finalizers
    finalizer()
  File "/projects/bamo6610/software/anaconda/env/evaluator-blanca/lib/python3.10/multiprocessing/util.py", line 224, in __call__
    res = self._callback(*self._args, **self._kwargs)
  File "/projects/bamo6610/software/anaconda/env/evaluator-blanca/lib/python3.10/multiprocessing/util.py", line 133, in _remove_temp_dir
    rmtree(tempdir)
  File "/projects/bamo6610/software/anaconda/env/evaluator-blanca/lib/python3.10/shutil.py", line 725, in rmtree
    _rmtree_safe_fd(fd, path, onerror)
  File "/projects/bamo6610/software/anaconda/env/evaluator-blanca/lib/python3.10/shutil.py", line 681, in _rmtree_safe_fd
    onerror(os.unlink, fullname, sys.exc_info())
  File "/projects/bamo6610/software/anaconda/env/evaluator-blanca/lib/python3.10/shutil.py", line 679, in _rmtree_safe_fd
    os.unlink(entry.name, dir_fd=topfd)
OSError: [Errno 16] Device or resource busy: '.nfs000000008467e4c200001764'
Traceback (most recent call last):
  File "/projects/bamo6610/software/anaconda/env/evaluator-blanca/lib/python3.10/multiprocessing/process.py", line 314, in _bootstrap
    self.run()
  File "/projects/bamo6610/software/anaconda/env/evaluator-blanca/lib/python3.10/multiprocessing/process.py", line 108, in run
    self._target(*self._args, **self._kwargs)
  File "/projects/bamo6610/software/anaconda/env/evaluator-blanca/lib/python3.10/multiprocessing/managers.py", line 599, in _run_server
    server.serve_forever()
  File "/projects/bamo6610/software/anaconda/env/evaluator-blanca/lib/python3.10/multiprocessing/managers.py", line 184, in serve_forever
    sys.exit(0)
SystemExit: 0

During handling of the above exception, another exception occurred:

Traceback (most recent call last):
  File "/projects/bamo6610/software/anaconda/env/evaluator-blanca/lib/python3.10/multiprocessing/util.py", line 300, in _run_finalizers
    finalizer()
  File "/projects/bamo6610/software/anaconda/env/evaluator-blanca/lib/python3.10/multiprocessing/util.py", line 224, in __call__
    res = self._callback(*self._args, **self._kwargs)
  File "/projects/bamo6610/software/anaconda/env/evaluator-blanca/lib/python3.10/multiprocessing/util.py", line 133, in _remove_temp_dir
    rmtree(tempdir)
  File "/projects/bamo6610/software/anaconda/env/evaluator-blanca/lib/python3.10/shutil.py", line 725, in rmtree
    _rmtree_safe_fd(fd, path, onerror)
  File "/projects/bamo6610/software/anaconda/env/evaluator-blanca/lib/python3.10/shutil.py", line 681, in _rmtree_safe_fd
    onerror(os.unlink, fullname, sys.exc_info())
  File "/projects/bamo6610/software/anaconda/env/evaluator-blanca/lib/python3.10/shutil.py", line 679, in _rmtree_safe_fd
    os.unlink(entry.name, dir_fd=topfd)
OSError: [Errno 16] Device or resource busy: '.nfs000000008497fe0800001770'
